<?xml version="1.0" encoding="UTF-8"?>
<!-- Generated by org.testng.reporters.JUnitReportReporter -->
<testsuite hostname="LAPTOP-G5KEBRKS" failures="0" tests="1" name="org.flipkart.addtocart.InsertProductInAddToCart" time="19.031" errors="0" timestamp="2022-09-17T17:50:34 IST" skipped="0">
  <testcase classname="org.flipkart.addtocart.InsertProductInAddToCart" name="insertProductToCart" time="19.031"/>
  <system-out/>
</testsuite> <!-- org.flipkart.addtocart.InsertProductInAddToCart -->
