<?xml version="1.0" encoding="UTF-8"?>
<!-- Generated by org.testng.reporters.JUnitReportReporter -->
<testsuite hostname="LAPTOP-G5KEBRKS" failures="0" tests="1" name="org.flipkart.addtocart.InsertProductInAddToCart" time="12.708" errors="0" timestamp="2022-09-30T15:24:57 IST" skipped="0">
  <testcase classname="org.flipkart.addtocart.InsertProductInAddToCart" name="insertProductToCart" time="12.708"/>
  <system-out/>
</testsuite> <!-- org.flipkart.addtocart.InsertProductInAddToCart -->
